2023-08-01 12:15:01 - User john_doe logged in successfully.
2023-08-01 14:20:30 - File upload completed by user sarah_smith.
2023-08-02 09:30:15 - Unauthorized access attempt detected for user admin.
2023-08-02 09:32:20 - User admin logged in successfully.
2023-08-02 10:40:45 - Access to sensitive data by user jennifer_miller.
2023-08-03 06:05:10 - User mike_jones attempted unauthorized data access.
2023-08-03 08:25:55 - Invalid input detected in form submission.
2023-08-03 14:20:00 - Database connection error: Failed to establish connection.
2023-08-03 15:45:30 - User sarah_smith logged in from an unusual location.
2023-08-04 11:10:15 - User sarah_smith changed password.
2023-08-04 12:30:05 - User john_doe logged in successfully.
2023-08-05 07:30:05 - File upload completed by user jennifer_miller.
2023-08-05 09:45:40 - Unauthorized access attempt detected for user mike_jones.
2023-08-06 13:20:20 - Access to sensitive data by user admin.
2023-08-06 17:55:10 - Invalid input detected in form submission.
2023-08-07 08:30:15 - User sarah_smith logged in successfully.
2023-08-07 10:15:30 - Unauthorized access attempt detected for user john_doe.
2023-08-08 15:40:05 - User mike_jones changed password.
2023-08-08 17:20:00 - Database connection error: Failed to establish connection.
2023-08-09 09:05:45 - File upload completed by user jennifer_miller.
2023-08-09 11:30:25 - Access to sensitive data by user sarah_smith.
2023-08-10 14:45:15 - User admin logged in successfully.
2023-08-10 16:30:30 - Unauthorized access attempt detected for user sarah_smith.
2023-08-11 07:55:20 - User john_doe logged in successfully.
2023-08-11 09:40:40 - User mike_jones attempted unauthorized data access.
2023-08-12 12:25:10 - Invalid input detected in form submission.
2023-08-12 14:10:00 - Database connection error: Failed to establish connection.
2023-08-12 16:30:30 - User john_doe changed password.
2023-08-13 09:15:05 - File upload completed by user jennifer_miller.
2023-08-13 11:30:20 - Access to sensitive data by user sarah_smith.
2023-08-14 14:40:10 - Unauthorized access attempt detected for user admin.
2023-08-14 16:20:00 - User mike_jones logged in successfully.
2023-08-15 08:10:25 - User sarah_smith changed password.
2023-08-15 10:30:15 - Database connection error: Failed to establish connection.
2023-08-16 12:45:30 - File upload completed by user john_doe.
2023-08-16 15:00:40 - User jennifer_miller logged in successfully.
2023-08-17 09:10:20 - Unauthorized access attempt detected for user mike_jones.
2023-08-17 11:30:10 - Access to sensitive data by user sarah_smith.
2023-08-18 14:15:05 - User admin changed password.
2023-08-18 16:30:30 - Invalid input detected in form submission.
2023-08-19 07:45:20 - User john_doe logged in successfully.
2023-08-19 09:20:40 - Database connection error: Failed to establish connection.
2023-08-20 12:05:10 - File upload completed by user jennifer_miller.
2023-08-20 14:30:20 - Unauthorized access attempt detected for user sarah_smith.
2023-08-21 09:10:15 - Access to sensitive data by user mike_jones.
2023-08-21 11:30:10 - User john_doe changed password.
2023-08-22 14:40:05 - User sarah_smith logged in successfully.
2023-08-22 16:20:00 - Invalid input detected in form submission.
2023-08-23 08:10:25 - Database connection error: Failed to establish connection.
2023-08-23 10:30:30 - File upload completed by user admin.
2023-08-24 12:40:20 - User jennifer_miller logged in successfully.
2023-08-24 14:55:10 - Unauthorized access attempt detected for user sarah_smith.
2023-08-25 07:30:20 - User john_doe logged in successfully.
2023-08-25 09:45:40 - Access to sensitive data by user mike_jones.
2023-08-26 13:10:25 - User admin changed password.
2023-08-26 15:30:10 - Invalid input detected in form submission.
2023-08-27 08:45:15 - File upload completed by user sarah_smith.
2023-08-27 10:20:00 - User john_doe logged in successfully.
2023-08-28 14:30:30 - Unauthorized access attempt detected for user jennifer_miller.
2023-08-28 16:10:20 - Access to sensitive data by user mike_jones.
2023-08-29 09:55:05 - User admin logged in successfully.
2023-08-29 11:20:40 - Invalid input detected in form submission.
2023-08-30 14:05:10 - Database connection error: Failed to establish connection.
2023-08-30 16:25:30 - User sarah_smith changed password.
2023-08-31 09:40:20 - File upload completed by user john_doe.
2023-08-31 11:55:30 - Unauthorized access attempt detected for user sarah_smith.
2023-08-31 14:15:20 - Access to sensitive data by user mike_jones.
